Traceback (most recent call last):
  File "/usr/share/miniconda/envs/gtbook/lib/python3.9/site-packages/jupyter_cache/executors/utils.py", line 58, in single_nb_execution
    executenb(
  File "/usr/share/miniconda/envs/gtbook/lib/python3.9/site-packages/nbclient/client.py", line 1305, in execute
    return NotebookClient(nb=nb, resources=resources, km=km, **kwargs).execute()
  File "/usr/share/miniconda/envs/gtbook/lib/python3.9/site-packages/jupyter_core/utils/__init__.py", line 166, in wrapped
    return loop.run_until_complete(inner)
  File "/usr/share/miniconda/envs/gtbook/lib/python3.9/asyncio/base_events.py", line 647, in run_until_complete
    return future.result()
  File "/usr/share/miniconda/envs/gtbook/lib/python3.9/site-packages/nbclient/client.py", line 705, in async_execute
    await self.async_execute_cell(
  File "/usr/share/miniconda/envs/gtbook/lib/python3.9/site-packages/nbclient/client.py", line 1058, in async_execute_cell
    await self._check_raise_for_error(cell, cell_index, exec_reply)
  File "/usr/share/miniconda/envs/gtbook/lib/python3.9/site-packages/nbclient/client.py", line 914, in _check_raise_for_error
    raise CellExecutionError.from_cell_and_msg(cell, exec_reply_content)
nbclient.exceptions.CellExecutionError: An error occurred while executing the following cell:
------------------
# vacuum.rooms = ["Living Room", "Kitchen", "Office", "Hallway", "Dining Room"]
X = VARIABLES.discrete_series("X", [1], vacuum.rooms)
prior = gtsam.DiscreteDistribution(X[1], "0/0/1/0/0")
pretty(prior)
------------------


[0;31m---------------------------------------------------------------------------[0m
[0;31mAttributeError[0m                            Traceback (most recent call last)
Cell [0;32mIn[3], line 4[0m
[1;32m      2[0m X [38;5;241m=[39m VARIABLES[38;5;241m.[39mdiscrete_series([38;5;124m"[39m[38;5;124mX[39m[38;5;124m"[39m, [[38;5;241m1[39m], vacuum[38;5;241m.[39mrooms)
[1;32m      3[0m prior [38;5;241m=[39m gtsam[38;5;241m.[39mDiscreteDistribution(X[[38;5;241m1[39m], [38;5;124m"[39m[38;5;124m0/0/1/0/0[39m[38;5;124m"[39m)
[0;32m----> 4[0m [43mpretty[49m[43m([49m[43mprior[49m[43m)[49m

Cell [0;32mIn[2], line 8[0m, in [0;36mpretty[0;34m(obj)[0m
[1;32m      7[0m [38;5;28;01mdef[39;00m [38;5;21mpretty[39m(obj): 
[0;32m----> 8[0m     [38;5;28;01mreturn[39;00m [43mgtbook[49m[38;5;241;43m.[39;49m[43mdisplay[49m[38;5;241m.[39mpretty(obj, VARIABLES)

[0;31mAttributeError[0m: module 'gtbook' has no attribute 'display'

