Traceback (most recent call last):
  File "/usr/share/miniconda/envs/gtbook/lib/python3.9/site-packages/jupyter_cache/executors/utils.py", line 58, in single_nb_execution
    executenb(
  File "/usr/share/miniconda/envs/gtbook/lib/python3.9/site-packages/nbclient/client.py", line 1305, in execute
    return NotebookClient(nb=nb, resources=resources, km=km, **kwargs).execute()
  File "/usr/share/miniconda/envs/gtbook/lib/python3.9/site-packages/jupyter_core/utils/__init__.py", line 173, in wrapped
    return loop.run_until_complete(inner)
  File "/usr/share/miniconda/envs/gtbook/lib/python3.9/asyncio/base_events.py", line 647, in run_until_complete
    return future.result()
  File "/usr/share/miniconda/envs/gtbook/lib/python3.9/site-packages/nbclient/client.py", line 705, in async_execute
    await self.async_execute_cell(
  File "/usr/share/miniconda/envs/gtbook/lib/python3.9/site-packages/nbclient/client.py", line 1058, in async_execute_cell
    await self._check_raise_for_error(cell, cell_index, exec_reply)
  File "/usr/share/miniconda/envs/gtbook/lib/python3.9/site-packages/nbclient/client.py", line 914, in _check_raise_for_error
    raise CellExecutionError.from_cell_and_msg(cell, exec_reply_content)
nbclient.exceptions.CellExecutionError: An error occurred while executing the following cell:
------------------
marginals = gtsam.Marginals(graph, result)
for i in range(1, 6):
    gtsam_plot.plot_pose2(0, result.atPose2(i), 0.5,
                          marginals.marginalCovariance(i))
plt.axis('equal'); plt.show()
------------------


[0;31m---------------------------------------------------------------------------[0m
[0;31mTypeError[0m                                 Traceback (most recent call last)
Cell [0;32mIn[7], line 3[0m
[1;32m      1[0m marginals [38;5;241m=[39m gtsam[38;5;241m.[39mMarginals(graph, result)
[1;32m      2[0m [38;5;28;01mfor[39;00m i [38;5;129;01min[39;00m [38;5;28mrange[39m([38;5;241m1[39m, [38;5;241m6[39m):
[0;32m----> 3[0m     [43mgtsam_plot[49m[38;5;241;43m.[39;49m[43mplot_pose2[49m[43m([49m[38;5;241;43m0[39;49m[43m,[49m[43m [49m[43mresult[49m[38;5;241;43m.[39;49m[43matPose2[49m[43m([49m[43mi[49m[43m)[49m[43m,[49m[43m [49m[38;5;241;43m0.5[39;49m[43m,[49m
[1;32m      4[0m [43m                          [49m[43mmarginals[49m[38;5;241;43m.[39;49m[43mmarginalCovariance[49m[43m([49m[43mi[49m[43m)[49m[43m)[49m
[1;32m      5[0m plt[38;5;241m.[39maxis([38;5;124m'[39m[38;5;124mequal[39m[38;5;124m'[39m); plt[38;5;241m.[39mshow()

File [0;32m/usr/share/miniconda/envs/gtbook/lib/python3.9/site-packages/gtsam/utils/plot.py:279[0m, in [0;36mplot_pose2[0;34m(fignum, pose, axis_length, covariance, axis_labels)[0m
[1;32m    277[0m fig [38;5;241m=[39m plt[38;5;241m.[39mfigure(fignum)
[1;32m    278[0m axes [38;5;241m=[39m fig[38;5;241m.[39mgca()
[0;32m--> 279[0m [43mplot_pose2_on_axes[49m[43m([49m[43maxes[49m[43m,[49m
[1;32m    280[0m [43m                   [49m[43mpose[49m[43m,[49m
[1;32m    281[0m [43m                   [49m[43maxis_length[49m[38;5;241;43m=[39;49m[43maxis_length[49m[43m,[49m
[1;32m    282[0m [43m                   [49m[43mcovariance[49m[38;5;241;43m=[39;49m[43mcovariance[49m[43m)[49m
[1;32m    284[0m axes[38;5;241m.[39mset_xlabel(axis_labels[[38;5;241m0[39m])
[1;32m    285[0m axes[38;5;241m.[39mset_ylabel(axis_labels[[38;5;241m1[39m])

File [0;32m/usr/share/miniconda/envs/gtbook/lib/python3.9/site-packages/gtsam/utils/plot.py:252[0m, in [0;36mplot_pose2_on_axes[0;34m(axes, pose, axis_length, covariance)[0m
[1;32m    250[0m pPp [38;5;241m=[39m covariance[[38;5;241m0[39m:[38;5;241m2[39m, [38;5;241m0[39m:[38;5;241m2[39m]
[1;32m    251[0m gPp [38;5;241m=[39m np[38;5;241m.[39mmatmul(np[38;5;241m.[39mmatmul(gRp, pPp), gRp[38;5;241m.[39mT)
[0;32m--> 252[0m [43mplot_covariance_ellipse_2d[49m[43m([49m[43maxes[49m[43m,[49m[43m [49m[43morigin[49m[43m,[49m[43m [49m[43mgPp[49m[43m)[49m

File [0;32m/usr/share/miniconda/envs/gtbook/lib/python3.9/site-packages/gtsam/utils/plot.py:155[0m, in [0;36mplot_covariance_ellipse_2d[0;34m(axes, origin, covariance)[0m
[1;32m    152[0m angle [38;5;241m=[39m np[38;5;241m.[39marctan2(v[[38;5;241m1[39m, [38;5;241m0[39m], v[[38;5;241m0[39m, [38;5;241m0[39m])
[1;32m    153[0m [38;5;66;03m# We multiply k by 2 since k corresponds to the radius but Ellipse uses[39;00m
[1;32m    154[0m [38;5;66;03m# the diameter.[39;00m
[0;32m--> 155[0m e1 [38;5;241m=[39m [43mpatches[49m[38;5;241;43m.[39;49m[43mEllipse[49m[43m([49m[43morigin[49m[43m,[49m
[1;32m    156[0m [43m                     [49m[43mnp[49m[38;5;241;43m.[39;49m[43msqrt[49m[43m([49m[43mw[49m[43m[[49m[38;5;241;43m0[39;49m[43m][49m[43m)[49m[43m [49m[38;5;241;43m*[39;49m[43m [49m[38;5;241;43m2[39;49m[43m [49m[38;5;241;43m*[39;49m[43m [49m[43mk[49m[43m,[49m
[1;32m    157[0m [43m                     [49m[43mnp[49m[38;5;241;43m.[39;49m[43msqrt[49m[43m([49m[43mw[49m[43m[[49m[38;5;241;43m1[39;49m[43m][49m[43m)[49m[43m [49m[38;5;241;43m*[39;49m[43m [49m[38;5;241;43m2[39;49m[43m [49m[38;5;241;43m*[39;49m[43m [49m[43mk[49m[43m,[49m
[1;32m    158[0m [43m                     [49m[43mnp[49m[38;5;241;43m.[39;49m[43mrad2deg[49m[43m([49m[43mangle[49m[43m)[49m[43m,[49m
[1;32m    159[0m [43m                     [49m[43mfill[49m[38;5;241;43m=[39;49m[38;5;28;43;01mFalse[39;49;00m[43m)[49m
[1;32m    160[0m axes[38;5;241m.[39madd_patch(e1)

[0;31mTypeError[0m: __init__() takes 4 positional arguments but 5 were given

